-------------------------------------------------------------------------------
Test set: Cucumber.TestRunner
-------------------------------------------------------------------------------
Tests run: 1, Failures: 1, Errors: 0, Skipped: 0, Time elapsed: 2.181 s <<< FAILURE! -- in Cucumber.TestRunner
Cucumber.TestRunner.runScenario["Negative tests of submitting the order.", "Purchase the order from Ecommerce application"](1) -- Time elapsed: 0.296 s <<< FAILURE!
java.lang.NullPointerException: Cannot invoke "LearningAutomation.SeleniumWithFramework.LandingPage.loginApp(String, String)" because "this.landingpage" is null
	at Stepdefinations.Stepdefinitions_for_SO.Logged_In_With_Username_And_Password(Stepdefinitions_for_SO.java:36)
	at âœ½.Logged in with username ngill@email.com and password Patiala@12(file:///E:/eclipse-workspace/SeleniumWithFramework/src/test/java/Cucumber/ErrorValidation.feature:10)

